<?xml version="1.0" encoding="UTF-8"?>
<robot generator="Robot 5.0 (Python 3.10.2 on win32)" generated="20220509 16:14:27.019" rpa="false" schemaversion="3">
<suite id="s1" name="Verify Valid Credential Suite" source="D:\Mine\Company\LT6\OrangeHRMAutomation\LoginSuite\verify_valid_credential_suite.robot">
<test id="s1-t1" name="Valid Credential Test" line="10">
<kw name="Launch Browser" library="CommonFunctionality" type="SETUP">
<kw name="Append To Environment Variable" library="OperatingSystem">
<arg>Path</arg>
<arg>${EXECDIR}${/}driver</arg>
<doc>Appends given ``values`` to environment variable ``name``.</doc>
<msg timestamp="20220509 16:14:27.331" level="INFO">Environment variable 'Path' set to value 'C:\Program Files (x86)\Common Files\Oracle\Java\javapath;C:\WINDOWS\system32;C:\WINDOWS;C:\WINDOWS\System32\Wbem;C:\WINDOWS\System32\WindowsPowerShell\v1.0\;C:\WINDOWS\System32\OpenSSH\;C:\Users\Balaji\AppData\Local\Android\Sdk\platform-tools;C:\Users\Balaji\AppData\Local\Android\Sdk\emulator;C:\Program Files\dotnet\;C:\Program Files\nodejs\;C:\Program Files\Git\cmd;D:\Software\apache-maven-3.8.5-bin\apache-maven-3.8.5\bin;C:\Program Files\Java\jdk1.8.0_202\bin;C:\Program Files\Python310;C:\Program Files\Python310\Scripts;C:\Users\Balaji\AppData\Local\Microsoft\WindowsApps1;C:\Users\Balaji\.dotnet\tools;C:\Users\Balaji\AppData\Roaming\npm;;D:\Mine\Company\LT6\OrangeHRMAutomation\driver'.</msg>
<status status="PASS" starttime="20220509 16:14:27.331" endtime="20220509 16:14:27.331"/>
</kw>
<kw name="Open Browser" library="SeleniumLibrary">
<arg>browser=${BROWSER}</arg>
<doc>Opens a new browser instance to the optional ``url``.</doc>
<msg timestamp="20220509 16:14:27.331" level="INFO">Opening browser 'edge' to base url 'None'.</msg>
<msg timestamp="20220509 16:14:58.458" level="INFO">Cannot capture screenshot because no browser is open.</msg>
<msg timestamp="20220509 16:14:58.458" level="FAIL">WebDriverException: Message: Unknown error
</msg>
<status status="FAIL" starttime="20220509 16:14:27.331" endtime="20220509 16:14:58.786"/>
</kw>
<kw name="Maximize Browser Window" library="SeleniumLibrary">
<doc>Maximizes current browser window.</doc>
<status status="NOT RUN" starttime="20220509 16:14:58.786" endtime="20220509 16:14:58.786"/>
</kw>
<kw name="Set Selenium Implicit Wait" library="SeleniumLibrary">
<arg>30s</arg>
<doc>Sets the implicit wait value used by Selenium.</doc>
<status status="NOT RUN" starttime="20220509 16:14:58.786" endtime="20220509 16:14:58.786"/>
</kw>
<kw name="Set Screenshot Directory" library="SeleniumLibrary">
<arg>${EXECDIR}${/}screenshot</arg>
<doc>Sets the directory for captured screenshots.</doc>
<status status="NOT RUN" starttime="20220509 16:14:58.786" endtime="20220509 16:14:58.786"/>
</kw>
<kw name="Go To" library="SeleniumLibrary">
<arg>url=${URL}</arg>
<doc>Navigates the current browser window to the provided ``url``.</doc>
<status status="NOT RUN" starttime="20220509 16:14:58.786" endtime="20220509 16:14:58.786"/>
</kw>
<status status="FAIL" starttime="20220509 16:14:27.331" endtime="20220509 16:14:58.786"/>
</kw>
<kw name="Close Browser" library="SeleniumLibrary" type="TEARDOWN">
<doc>Closes the current browser.</doc>
<status status="PASS" starttime="20220509 16:14:58.786" endtime="20220509 16:14:58.786"/>
</kw>
<status status="FAIL" starttime="20220509 16:14:27.331" endtime="20220509 16:14:58.786">Setup failed:
WebDriverException: Message: Unknown error
</status>
</test>
<doc>This suite will handle valid credential
test - TC_OH_2</doc>
<status status="FAIL" starttime="20220509 16:14:27.034" endtime="20220509 16:14:58.786"/>
</suite>
<statistics>
<total>
<stat pass="0" fail="1" skip="0">All Tests</stat>
</total>
<tag>
</tag>
<suite>
<stat pass="0" fail="1" skip="0" id="s1" name="Verify Valid Credential Suite">Verify Valid Credential Suite</stat>
</suite>
</statistics>
<errors>
</errors>
</robot>
